<?xml version="1.0" encoding="UTF-8"?>
<!-- Generated by org.testng.reporters.JUnitReportReporter -->
<testsuite hostname="Source-4443" name="sourcesoft.proassur.HomePageTest" tests="3" failures="0" timestamp="16 Oct 2019 11:34:27 GMT" time="47.312" errors="0">
  <testcase name="verify_login_functionality" time="16.981" classname="sourcesoft.proassur.HomePageTest"/>
  <testcase name="verify_login_functionality" time="15.895" classname="sourcesoft.proassur.HomePageTest"/>
  <testcase name="verify_login_functionality" time="14.436" classname="sourcesoft.proassur.HomePageTest"/>
</testsuite> <!-- sourcesoft.proassur.HomePageTest -->
