<?xml version="1.0" encoding="UTF-8"?>
<!-- Generated by org.testng.reporters.JUnitReportReporter -->
<testsuite hostname="Source-4443" name="sourcesoft.proassur.HomePageTest" tests="2" failures="0" timestamp="16 Oct 2019 10:29:12 GMT" time="29.460" errors="0">
  <testcase name="verify_login_functionality" time="14.202" classname="sourcesoft.proassur.HomePageTest"/>
  <testcase name="verify_login_functionality" time="15.258" classname="sourcesoft.proassur.HomePageTest"/>
</testsuite> <!-- sourcesoft.proassur.HomePageTest -->
