<?xml version="1.0" encoding="UTF-8"?>
<!-- Generated by org.testng.reporters.JUnitReportReporter -->
<testsuite hostname="KELLGGNCPU0126" name="sourcesoft.proassur.HomePageTest" tests="1" failures="0" timestamp="27 Dec 2019 08:51:55 GMT" time="29.781" errors="0">
  <testcase name="window_handle" time="29.781" classname="sourcesoft.proassur.HomePageTest"/>
</testsuite> <!-- sourcesoft.proassur.HomePageTest -->
